# JRE version: OpenJDK Runtime Environment Temurin-17.0.1+12 (17.0.1+12) (build 17.0.1+12)
# Java VM: OpenJDK 64-Bit Server VM Temurin-17.0.1+12 (17.0.1+12, mixed mode, tiered, compressed oops, compressed class ptrs, parallel gc, windows-amd64)
GC Precious Log:
 CPUs: 4 total, 4 available
 Memory: 4039M
 Large Page Support: Disabled
 NUMA Support: Disabled
 Compressed Oops: Enabled (32-bit)
 Alignments: Space 512K, Generation 512K, Heap 2M
 Heap Min Capacity: 100M
 Heap Initial Capacity: 100M
 Heap Max Capacity: 1G
 Pre-touch: Disabled
 Parallel Workers: 4
Heap:
 PSYoungGen      total 4608K, used 3072K [0x00000000eab00000, 0x00000000eb700000, 0x0000000100000000)
  eden space 1536K, 0% used [0x00000000eab00000,0x00000000eab00000,0x00000000eac80000)
  from space 3072K, 100% used [0x00000000eb100000,0x00000000eb400000,0x00000000eb400000)
  to   space 4608K, 0% used [0x00000000eac80000,0x00000000eac80000,0x00000000eb100000)
 ParOldGen       total 273408K, used 272349K [0x00000000c0000000, 0x00000000d0b00000, 0x00000000eab00000)
  object space 273408K, 99% used [0x00000000c0000000,0x00000000d09f76b0,0x00000000d0b00000)
 Metaspace       used 85182K, committed 86272K, reserved 1130496K
  class space    used 8898K, committed 9408K, reserved 1048576K
GC Heap History (20 events):
Event: 62718.382 GC heap after
{Heap after GC invocations=833 (full 21):
 PSYoungGen      total 2560K, used 507K [0x00000000eab00000, 0x00000000eaf00000, 0x0000000100000000)
  eden space 2048K, 0% used [0x00000000eab00000,0x00000000eab00000,0x00000000ead00000)
  from space 512K, 99% used [0x00000000ead80000,0x00000000eadfee00,0x00000000eae00000)
  to   space 1024K, 0% used [0x00000000eae00000,0x00000000eae00000,0x00000000eaf00000)
 ParOldGen       total 273408K, used 262023K [0x00000000c0000000, 0x00000000d0b00000, 0x00000000eab00000)
  object space 273408K, 95% used [0x00000000c0000000,0x00000000cffe1d10,0x00000000d0b00000)
 Metaspace       used 85137K, committed 86208K, reserved 1130496K
  class space    used 8898K, committed 9408K, reserved 1048576K
}
Event: 62718.398 GC heap before
{Heap before GC invocations=834 (full 21):
 PSYoungGen      total 2560K, used 2281K [0x00000000eab00000, 0x00000000eaf00000, 0x0000000100000000)
  eden space 2048K, 86% used [0x00000000eab00000,0x00000000eacbb668,0x00000000ead00000)
  from space 512K, 99% used [0x00000000ead80000,0x00000000eadfee00,0x00000000eae00000)
  to   space 1024K, 0% used [0x00000000eae00000,0x00000000eae00000,0x00000000eaf00000)
 ParOldGen       total 273408K, used 262023K [0x00000000c0000000, 0x00000000d0b00000, 0x00000000eab00000)
  object space 273408K, 95% used [0x00000000c0000000,0x00000000cffe1d10,0x00000000d0b00000)
 Metaspace       used 85141K, committed 86208K, reserved 1130496K
  class space    used 8898K, committed 9408K, reserved 1048576K
}
Event: 62718.402 GC heap after
{Heap after GC invocations=834 (full 21):
 PSYoungGen      total 3072K, used 419K [0x00000000eab00000, 0x00000000eaf00000, 0x0000000100000000)
  eden space 2048K, 0% used [0x00000000eab00000,0x00000000eab00000,0x00000000ead00000)
  from space 1024K, 40% used [0x00000000eae00000,0x00000000eae68e90,0x00000000eaf00000)
  to   space 1024K, 0% used [0x00000000ead00000,0x00000000ead00000,0x00000000eae00000)
 ParOldGen       total 273408K, used 262430K [0x00000000c0000000, 0x00000000d0b00000, 0x00000000eab00000)
  object space 273408K, 95% used [0x00000000c0000000,0x00000000d0047aa0,0x00000000d0b00000)
 Metaspace       used 85141K, committed 86208K, reserved 1130496K
  class space    used 8898K, committed 9408K, reserved 1048576K
}
Event: 62718.409 GC heap before
{Heap before GC invocations=835 (full 21):
 PSYoungGen      total 3072K, used 2467K [0x00000000eab00000, 0x00000000eaf00000, 0x0000000100000000)
  eden space 2048K, 100% used [0x00000000eab00000,0x00000000ead00000,0x00000000ead00000)
  from space 1024K, 40% used [0x00000000eae00000,0x00000000eae68e90,0x00000000eaf00000)
  to   space 1024K, 0% used [0x00000000ead00000,0x00000000ead00000,0x00000000eae00000)
 ParOldGen       total 273408K, used 262430K [0x00000000c0000000, 0x00000000d0b00000, 0x00000000eab00000)
  object space 273408K, 95% used [0x00000000c0000000,0x00000000d0047aa0,0x00000000d0b00000)
 Metaspace       used 85141K, committed 86208K, reserved 1130496K
  class space    used 8898K, committed 9408K, reserved 1048576K
}
Event: 62718.412 GC heap after
{Heap after GC invocations=835 (full 21):
 PSYoungGen      total 3072K, used 995K [0x00000000eab00000, 0x00000000eb300000, 0x0000000100000000)
  eden space 2048K, 0% used [0x00000000eab00000,0x00000000eab00000,0x00000000ead00000)
  from space 1024K, 97% used [0x00000000ead00000,0x00000000eadf8e90,0x00000000eae00000)
  to   space 3072K, 0% used [0x00000000eb000000,0x00000000eb000000,0x00000000eb300000)
 ParOldGen       total 273408K, used 263820K [0x00000000c0000000, 0x00000000d0b00000, 0x00000000eab00000)
  object space 273408K, 96% used [0x00000000c0000000,0x00000000d01a3230,0x00000000d0b00000)
 Metaspace       used 85141K, committed 86208K, reserved 1130496K
  class space    used 8898K, committed 9408K, reserved 1048576K
}
Event: 62718.421 GC heap before
{Heap before GC invocations=836 (full 21):
 PSYoungGen      total 3072K, used 3043K [0x00000000eab00000, 0x00000000eb300000, 0x0000000100000000)
  eden space 2048K, 100% used [0x00000000eab00000,0x00000000ead00000,0x00000000ead00000)
  from space 1024K, 97% used [0x00000000ead00000,0x00000000eadf8e90,0x00000000eae00000)
  to   space 3072K, 0% used [0x00000000eb000000,0x00000000eb000000,0x00000000eb300000)
 ParOldGen       total 273408K, used 263820K [0x00000000c0000000, 0x00000000d0b00000, 0x00000000eab00000)
  object space 273408K, 96% used [0x00000000c0000000,0x00000000d01a3230,0x00000000d0b00000)
 Metaspace       used 85141K, committed 86208K, reserved 1130496K
  class space    used 8898K, committed 9408K, reserved 1048576K
}
Event: 62718.426 GC heap after
{Heap after GC invocations=836 (full 21):
 PSYoungGen      total 5120K, used 2112K [0x00000000eab00000, 0x00000000eb280000, 0x0000000100000000)
  eden space 2560K, 0% used [0x00000000eab00000,0x00000000eab00000,0x00000000ead80000)
  from space 2560K, 82% used [0x00000000eb000000,0x00000000eb210000,0x00000000eb280000)
  to   space 2560K, 0% used [0x00000000ead80000,0x00000000ead80000,0x00000000eb000000)
 ParOldGen       total 273408K, used 264832K [0x00000000c0000000, 0x00000000d0b00000, 0x00000000eab00000)
  object space 273408K, 96% used [0x00000000c0000000,0x00000000d02a00c0,0x00000000d0b00000)
 Metaspace       used 85141K, committed 86208K, reserved 1130496K
  class space    used 8898K, committed 9408K, reserved 1048576K
}
Event: 62718.471 GC heap before
{Heap before GC invocations=837 (full 21):
 PSYoungGen      total 5120K, used 4672K [0x00000000eab00000, 0x00000000eb280000, 0x0000000100000000)
  eden space 2560K, 100% used [0x00000000eab00000,0x00000000ead80000,0x00000000ead80000)
  from space 2560K, 82% used [0x00000000eb000000,0x00000000eb210000,0x00000000eb280000)
  to   space 2560K, 0% used [0x00000000ead80000,0x00000000ead80000,0x00000000eb000000)
 ParOldGen       total 273408K, used 264832K [0x00000000c0000000, 0x00000000d0b00000, 0x00000000eab00000)
  object space 273408K, 96% used [0x00000000c0000000,0x00000000d02a00c0,0x00000000d0b00000)
 Metaspace       used 85142K, committed 86208K, reserved 1130496K
  class space    used 8898K, committed 9408K, reserved 1048576K
}
Event: 62718.487 GC heap after
{Heap after GC invocations=837 (full 21):
 PSYoungGen      total 5120K, used 2400K [0x00000000eab00000, 0x00000000eb300000, 0x0000000100000000)
  eden space 2560K, 0% used [0x00000000eab00000,0x00000000eab00000,0x00000000ead80000)
  from space 2560K, 93% used [0x00000000ead80000,0x00000000eafd8000,0x00000000eb000000)
  to   space 2560K, 0% used [0x00000000eb080000,0x00000000eb080000,0x00000000eb300000)
 ParOldGen       total 273408K, used 266880K [0x00000000c0000000, 0x00000000d0b00000, 0x00000000eab00000)
  object space 273408K, 97% used [0x00000000c0000000,0x00000000d04a00c0,0x00000000d0b00000)
 Metaspace       used 85142K, committed 86208K, reserved 1130496K
  class space    used 8898K, committed 9408K, reserved 1048576K
}
Event: 62718.511 GC heap before
{Heap before GC invocations=838 (full 21):
 PSYoungGen      total 5120K, used 4960K [0x00000000eab00000, 0x00000000eb300000, 0x0000000100000000)
  eden space 2560K, 100% used [0x00000000eab00000,0x00000000ead80000,0x00000000ead80000)
  from space 2560K, 93% used [0x00000000ead80000,0x00000000eafd8000,0x00000000eb000000)
  to   space 2560K, 0% used [0x00000000eb080000,0x00000000eb080000,0x00000000eb300000)
 ParOldGen       total 273408K, used 266880K [0x00000000c0000000, 0x00000000d0b00000, 0x00000000eab00000)
  object space 273408K, 97% used [0x00000000c0000000,0x00000000d04a00c0,0x00000000d0b00000)
 Metaspace       used 85142K, committed 86208K, reserved 1130496K
  class space    used 8898K, committed 9408K, reserved 1048576K
}
Event: 62718.517 GC heap after
{Heap after GC invocations=838 (full 21):
 PSYoungGen      total 4096K, used 576K [0x00000000eab00000, 0x00000000eb180000, 0x0000000100000000)
  eden space 3072K, 0% used [0x00000000eab00000,0x00000000eab00000,0x00000000eae00000)
  from space 1024K, 56% used [0x00000000eb080000,0x00000000eb110000,0x00000000eb180000)
  to   space 1536K, 0% used [0x00000000eae80000,0x00000000eae80000,0x00000000eb000000)
 ParOldGen       total 273408K, used 268978K [0x00000000c0000000, 0x00000000d0b00000, 0x00000000eab00000)
  object space 273408K, 98% used [0x00000000c0000000,0x00000000d06ac9c0,0x00000000d0b00000)
 Metaspace       used 85142K, committed 86208K, reserved 1130496K
  class space    used 8898K, committed 9408K, reserved 1048576K
}
Event: 62718.545 GC heap before
{Heap before GC invocations=839 (full 21):
 PSYoungGen      total 4096K, used 3648K [0x00000000eab00000, 0x00000000eb180000, 0x0000000100000000)
  eden space 3072K, 100% used [0x00000000eab00000,0x00000000eae00000,0x00000000eae00000)
  from space 1024K, 56% used [0x00000000eb080000,0x00000000eb110000,0x00000000eb180000)
  to   space 1536K, 0% used [0x00000000eae80000,0x00000000eae80000,0x00000000eb000000)
 ParOldGen       total 273408K, used 268978K [0x00000000c0000000, 0x00000000d0b00000, 0x00000000eab00000)
  object space 273408K, 98% used [0x00000000c0000000,0x00000000d06ac9c0,0x00000000d0b00000)
 Metaspace       used 85146K, committed 86208K, reserved 1130496K
  class space    used 8898K, committed 9408K, reserved 1048576K
}
Event: 62718.548 GC heap after
{Heap after GC invocations=839 (full 21):
 PSYoungGen      total 4608K, used 880K [0x00000000eab00000, 0x00000000eb100000, 0x0000000100000000)
  eden space 3072K, 0% used [0x00000000eab00000,0x00000000eab00000,0x00000000eae00000)
  from space 1536K, 57% used [0x00000000eae80000,0x00000000eaf5c010,0x00000000eb000000)
  to   space 1024K, 0% used [0x00000000eb000000,0x00000000eb000000,0x00000000eb100000)
 ParOldGen       total 273408K, used 269513K [0x00000000c0000000, 0x00000000d0b00000, 0x00000000eab00000)
  object space 273408K, 98% used [0x00000000c0000000,0x00000000d0732770,0x00000000d0b00000)
 Metaspace       used 85146K, committed 86208K, reserved 1130496K
  class space    used 8898K, committed 9408K, reserved 1048576K
}
Event: 62720.155 GC heap before
{Heap before GC invocations=840 (full 21):
 PSYoungGen      total 4608K, used 3952K [0x00000000eab00000, 0x00000000eb100000, 0x0000000100000000)
  eden space 3072K, 100% used [0x00000000eab00000,0x00000000eae00000,0x00000000eae00000)
  from space 1536K, 57% used [0x00000000eae80000,0x00000000eaf5c010,0x00000000eb000000)
  to   space 1024K, 0% used [0x00000000eb000000,0x00000000eb000000,0x00000000eb100000)
 ParOldGen       total 273408K, used 269513K [0x00000000c0000000, 0x00000000d0b00000, 0x00000000eab00000)
  object space 273408K, 98% used [0x00000000c0000000,0x00000000d0732770,0x00000000d0b00000)
 Metaspace       used 85160K, committed 86208K, reserved 1130496K
  class space    used 8898K, committed 9408K, reserved 1048576K
}
Event: 62720.159 GC heap after
{Heap after GC invocations=840 (full 21):
 PSYoungGen      total 4096K, used 971K [0x00000000eab00000, 0x00000000eb100000, 0x0000000100000000)
  eden space 3072K, 0% used [0x00000000eab00000,0x00000000eab00000,0x00000000eae00000)
  from space 1024K, 94% used [0x00000000eb000000,0x00000000eb0f2e10,0x00000000eb100000)
  to   space 1024K, 0% used [0x00000000eaf00000,0x00000000eaf00000,0x00000000eb000000)
 ParOldGen       total 273408K, used 269697K [0x00000000c0000000, 0x00000000d0b00000, 0x00000000eab00000)
  object space 273408K, 98% used [0x00000000c0000000,0x00000000d0760770,0x00000000d0b00000)
 Metaspace       used 85160K, committed 86208K, reserved 1130496K
  class space    used 8898K, committed 9408K, reserved 1048576K
}
Event: 62720.180 GC heap before
{Heap before GC invocations=841 (full 21):
 PSYoungGen      total 4096K, used 4043K [0x00000000eab00000, 0x00000000eb100000, 0x0000000100000000)
  eden space 3072K, 100% used [0x00000000eab00000,0x00000000eae00000,0x00000000eae00000)
  from space 1024K, 94% used [0x00000000eb000000,0x00000000eb0f2e10,0x00000000eb100000)
  to   space 1024K, 0% used [0x00000000eaf00000,0x00000000eaf00000,0x00000000eb000000)
 ParOldGen       total 273408K, used 269697K [0x00000000c0000000, 0x00000000d0b00000, 0x00000000eab00000)
  object space 273408K, 98% used [0x00000000c0000000,0x00000000d0760770,0x00000000d0b00000)
 Metaspace       used 85182K, committed 86272K, reserved 1130496K
  class space    used 8898K, committed 9408K, reserved 1048576K
}
Event: 62720.184 GC heap after
{Heap after GC invocations=841 (full 21):
 PSYoungGen      total 4096K, used 999K [0x00000000eab00000, 0x00000000eb400000, 0x0000000100000000)
  eden space 3072K, 0% used [0x00000000eab00000,0x00000000eab00000,0x00000000eae00000)
  from space 1024K, 97% used [0x00000000eaf00000,0x00000000eaff9d20,0x00000000eb000000)
  to   space 3072K, 0% used [0x00000000eb100000,0x00000000eb100000,0x00000000eb400000)
 ParOldGen       total 273408K, used 271324K [0x00000000c0000000, 0x00000000d0b00000, 0x00000000eab00000)
  object space 273408K, 99% used [0x00000000c0000000,0x00000000d08f7090,0x00000000d0b00000)
 Metaspace       used 85182K, committed 86272K, reserved 1130496K
  class space    used 8898K, committed 9408K, reserved 1048576K
}
Event: 62720.197 GC heap before
{Heap before GC invocations=842 (full 21):
 PSYoungGen      total 4096K, used 4071K [0x00000000eab00000, 0x00000000eb400000, 0x0000000100000000)
  eden space 3072K, 100% used [0x00000000eab00000,0x00000000eae00000,0x00000000eae00000)
  from space 1024K, 97% used [0x00000000eaf00000,0x00000000eaff9d20,0x00000000eb000000)
  to   space 3072K, 0% used [0x00000000eb100000,0x00000000eb100000,0x00000000eb400000)
 ParOldGen       total 273408K, used 271324K [0x00000000c0000000, 0x00000000d0b00000, 0x00000000eab00000)
  object space 273408K, 99% used [0x00000000c0000000,0x00000000d08f7090,0x00000000d0b00000)
 Metaspace       used 85182K, committed 86272K, reserved 1130496K
  class space    used 8898K, committed 9408K, reserved 1048576K
}
Event: 62720.203 GC heap after
{Heap after GC invocations=842 (full 21):
 PSYoungGen      total 4608K, used 3072K [0x00000000eab00000, 0x00000000eb700000, 0x0000000100000000)
  eden space 1536K, 0% used [0x00000000eab00000,0x00000000eab00000,0x00000000eac80000)
  from space 3072K, 100% used [0x00000000eb100000,0x00000000eb400000,0x00000000eb400000)
  to   space 4608K, 0% used [0x00000000eac80000,0x00000000eac80000,0x00000000eb100000)
 ParOldGen       total 273408K, used 272349K [0x00000000c0000000, 0x00000000d0b00000, 0x00000000eab00000)
  object space 273408K, 99% used [0x00000000c0000000,0x00000000d09f76b0,0x00000000d0b00000)
 Metaspace       used 85182K, committed 86272K, reserved 1130496K
  class space    used 8898K, committed 9408K, reserved 1048576K
}
Event: 62720.204 GC heap before
{Heap before GC invocations=843 (full 22):
 PSYoungGen      total 4608K, used 3072K [0x00000000eab00000, 0x00000000eb700000, 0x0000000100000000)
  eden space 1536K, 0% used [0x00000000eab00000,0x00000000eab00000,0x00000000eac80000)
  from space 3072K, 100% used [0x00000000eb100000,0x00000000eb400000,0x00000000eb400000)
  to   space 4608K, 0% used [0x00000000eac80000,0x00000000eac80000,0x00000000eb100000)
 ParOldGen       total 273408K, used 272349K [0x00000000c0000000, 0x00000000d0b00000, 0x00000000eab00000)
  object space 273408K, 99% used [0x00000000c0000000,0x00000000d09f76b0,0x00000000d0b00000)
 Metaspace       used 85182K, committed 86272K, reserved 1130496K
  class space    used 8898K, committed 9408K, reserved 1048576K
}

